<?xml version="1.0" encoding="UTF-8"?>
<!-- Generated by org.testng.reporters.JUnitXMLReporter -->
<testsuite ignored="3" hostname="Katea-MIPro" failures="0" tests="1" name="Surefire test" time="10.044" errors="0" timestamp="2025-03-17T20:19:04 CET">
  <testcase classname="com.breaktomake.MainTest" name="testFormPractice" time="5.27"/>
  <testcase classname="com.breaktomake.MainTest" name="testWebForm" time="0.0">
    <ignored/>
  </testcase> <!-- testWebForm -->
  <testcase classname="com.breaktomake.MainTest" name="radioButton" time="0.0">
    <ignored/>
  </testcase> <!-- radioButton -->
  <testcase classname="com.breaktomake.MainTest" name="btnClick" time="0.0">
    <ignored/>
  </testcase> <!-- btnClick -->
</testsuite> <!-- Surefire test -->
