<?xml version="1.0" encoding="UTF-8"?>
<!-- Generated by org.testng.reporters.JUnitXMLReporter -->
<testsuite ignored="0" hostname="Katea-MIPro" failures="0" tests="4" name="Surefire test" time="29.448" errors="0" timestamp="2025-03-17T19:22:43 CET">
  <testcase classname="com.breaktomake.MainTest" name="btnClick" time="2.989"/>
  <testcase classname="com.breaktomake.MainTest" name="radioButton" time="12.428"/>
  <testcase classname="com.breaktomake.MainTest" name="testFormPractice" time="4.432"/>
  <testcase classname="com.breaktomake.MainTest" name="testWebForm" time="1.602"/>
</testsuite> <!-- Surefire test -->
