<?xml version="1.0" encoding="UTF-8"?>
<testng-results ignored="0" total="1" passed="1" failed="0" skipped="0">
  <reporter-output>
  </reporter-output>
  <suite started-at="2025-03-17T20:18:54 CET" name="Surefire suite" finished-at="2025-03-17T20:19:04 CET" duration-ms="10044">
    <groups>
    </groups>
    <test started-at="2025-03-17T20:18:54 CET" name="Surefire test" finished-at="2025-03-17T20:19:04 CET" duration-ms="10044">
      <class name="com.breaktomake.MainTest">
        <test-method is-config="true" signature="setUp()[pri:0, instance:com.breaktomake.MainTest@31ddd4a4]" started-at="2025-03-17T20:18:54 CET" name="setUp" finished-at="2025-03-17T20:18:58 CET" duration-ms="3964" status="PASS">
          <reporter-output>
          </reporter-output>
        </test-method> <!-- setUp -->
        <test-method signature="testFormPractice()[pri:0, instance:com.breaktomake.MainTest@31ddd4a4]" started-at="2025-03-17T20:18:58 CET" name="testFormPractice" finished-at="2025-03-17T20:19:04 CET" duration-ms="5270" status="PASS">
          <reporter-output>
          </reporter-output>
        </test-method> <!-- testFormPractice -->
        <test-method is-config="true" signature="tearDown()[pri:0, instance:com.breaktomake.MainTest@31ddd4a4]" started-at="2025-03-17T20:19:04 CET" name="tearDown" finished-at="2025-03-17T20:19:04 CET" duration-ms="380" status="PASS">
          <reporter-output>
          </reporter-output>
        </test-method> <!-- tearDown -->
      </class> <!-- com.breaktomake.MainTest -->
    </test> <!-- Surefire test -->
  </suite> <!-- Surefire suite -->
</testng-results>
