<?xml version="1.0" encoding="UTF-8"?>
<testng-results ignored="3" total="4" passed="1" failed="0" skipped="0">
  <reporter-output>
  </reporter-output>
  <suite started-at="2025-03-17T19:48:50 CET" name="BreakToMake Suite" finished-at="2025-03-17T19:48:58 CET" duration-ms="8024">
    <groups>
    </groups>
    <test started-at="2025-03-17T19:48:50 CET" name="BreakToMake Tests" finished-at="2025-03-17T19:48:58 CET" duration-ms="8024">
      <class name="com.breaktomake.MainTest">
        <test-method is-config="true" signature="setUp()[pri:0, instance:com.breaktomake.MainTest@ed7f8b4]" started-at="2025-03-17T19:48:50 CET" name="setUp" finished-at="2025-03-17T19:48:52 CET" duration-ms="2008" status="PASS">
          <reporter-output>
          </reporter-output>
        </test-method> <!-- setUp -->
        <test-method signature="testFormPractice()[pri:0, instance:com.breaktomake.MainTest@ed7f8b4]" started-at="2025-03-17T19:48:52 CET" name="testFormPractice" finished-at="2025-03-17T19:48:58 CET" duration-ms="5608" status="PASS">
          <reporter-output>
          </reporter-output>
        </test-method> <!-- testFormPractice -->
        <test-method is-config="true" signature="tearDown()[pri:0, instance:com.breaktomake.MainTest@ed7f8b4]" started-at="2025-03-17T19:48:58 CET" name="tearDown" finished-at="2025-03-17T19:48:58 CET" duration-ms="360" status="PASS">
          <reporter-output>
          </reporter-output>
        </test-method> <!-- tearDown -->
      </class> <!-- com.breaktomake.MainTest -->
    </test> <!-- BreakToMake Tests -->
  </suite> <!-- BreakToMake Suite -->
</testng-results>
