<?xml version="1.0" encoding="UTF-8"?>
<!-- Generated by org.testng.reporters.JUnitXMLReporter -->
<testsuite ignored="3" hostname="Katea-MIPro" failures="0" tests="1" name="BreakToMake Tests" time="8.024" errors="0" timestamp="2025-03-17T19:48:58 CET">
  <testcase classname="com.breaktomake.MainTest" name="testFormPractice" time="5.608"/>
  <testcase classname="com.breaktomake.MainTest" name="btnClick" time="0.0">
    <ignored/>
  </testcase> <!-- btnClick -->
  <testcase classname="com.breaktomake.MainTest" name="radioButton" time="0.0">
    <ignored/>
  </testcase> <!-- radioButton -->
  <testcase classname="com.breaktomake.MainTest" name="testWebForm" time="0.0">
    <ignored/>
  </testcase> <!-- testWebForm -->
</testsuite> <!-- BreakToMake Tests -->
